<?xml version="1.0" encoding="UTF-8"?>
<!-- Generated by org.testng.reporters.JUnitReportReporter -->
<testsuite hostname="IE4LLTBZN4PQ2" failures="0" tests="1" name="test.AdminLoginTest" time="37.648" errors="0" timestamp="2022-09-03T23:40:16 IST" skipped="0">
  <testcase classname="test.AdminLoginTest" name="addProduct" time="37.648"/>
  <system-out/>
</testsuite> <!-- test.AdminLoginTest -->
