<?xml version="1.0" encoding="UTF-8"?>
<!-- Generated by org.testng.reporters.JUnitReportReporter -->
<testsuite hostname="IE4LLTBZN4PQ2" failures="0" tests="3" name="test.UserLoginTest" time="79.256" errors="0" timestamp="2022-09-03T23:40:16 IST" skipped="0">
  <testcase classname="test.UserLoginTest" name="ProductFilterTest" time="21.110"/>
  <system-out/>
  <testcase classname="test.UserLoginTest" name="CategoryTest" time="23.680"/>
  <system-out/>
  <testcase classname="test.UserLoginTest" name="BuyMedicineTest" time="34.466"/>
  <system-out/>
</testsuite> <!-- test.UserLoginTest -->
